<?xml version="1.0" encoding="UTF-8"?>
<!-- Generated by org.testng.reporters.JUnitXMLReporter -->
<testsuite ignored="0" hostname="Kritika" failures="0" tests="1" name="banking_Test" time="0.024" errors="0" timestamp="08 Jun 2024 08:01:50 GMT">
  <testcase classname="testcCases.baseClass" name="@BeforeClass setup" time="0.0">
    <failure type="org.testng.TestNGException" message="
Parameter &amp;apos;browser&amp;apos; is required by BeforeClass on method setup but has not been marked @Optional or defined
in C:\Users\kriti\git\SampleinetbankingProject\inetBanking\testng.xml">
      <![CDATA[org.testng.TestNGException: 
Parameter 'browser' is required by BeforeClass on method setup but has not been marked @Optional or defined
in C:\Users\kriti\git\SampleinetbankingProject\inetBanking\testng.xml
... Removed 22 stack frames]]>
    </failure>
  </testcase> <!-- @BeforeClass setup -->
  <testcase classname="testcCases.baseClass" name="@AfterClass tearDown" time="0.0">
    <skipped/>
  </testcase> <!-- @AfterClass tearDown -->
  <testcase classname="testcCases.TC_001_Logintest" name="login" time="0.001">
    <skipped/>
  </testcase> <!-- login -->
</testsuite> <!-- banking_Test -->
